<?xml version="1.0" encoding="UTF-8"?>
<!-- Generated by org.testng.reporters.JUnitReportReporter -->
<testsuite hostname="MacBook-Air-losyash.local" name="MaxNetworkTest" tests="5" failures="0" timestamp="6 Oct 2013 21:36:57 GMT" time="0.235" errors="0">
  <testcase name="checkOutput" time="0.001" classname="MaxNetworkTest"/>
  <testcase name="checkProcess" time="0.001" classname="MaxNetworkTest"/>
  <testcase name="checkStart" time="0.218" classname="MaxNetworkTest"/>
  <testcase name="checkNeurons" time="0.001" classname="MaxNetworkTest"/>
  <testcase name="checkInit" time="0.014" classname="MaxNetworkTest"/>
</testsuite> <!-- MaxNetworkTest -->
