<?xml version="1.0" encoding="UTF-8"?>
<!-- Generated by org.testng.reporters.JUnitReportReporter -->
<testsuite hostname="MacBook-Air-losyash.local" name="NeuronTest" tests="3" failures="0" timestamp="6 Oct 2013 21:30:32 GMT" time="0.197" errors="0">
  <testcase name="nonActivationTest" time="0.001" classname="NeuronTest"/>
  <testcase name="calculationTest" time="0.189" classname="NeuronTest"/>
  <testcase name="activationTest" time="0.007" classname="NeuronTest"/>
</testsuite> <!-- NeuronTest -->
