<?xml version="1.0" encoding="UTF-8"?>
<!-- Generated by org.testng.reporters.JUnitReportReporter -->
<testsuite hostname="MacBook-Air-losyash.local" name="HammingNetworkTest" tests="3" failures="0" timestamp="6 Oct 2013 21:59:42 GMT" time="0.203" errors="0">
  <testcase name="checkSize" time="0.007" classname="HammingNetworkTest"/>
  <testcase name="recognize" time="0.195" classname="HammingNetworkTest"/>
  <testcase name="train" time="0.001" classname="HammingNetworkTest"/>
</testsuite> <!-- HammingNetworkTest -->
