<?xml version="1.0" encoding="UTF-8"?>
<!-- Generated by org.testng.reporters.JUnitReportReporter -->
<testsuite hostname="MacBook-Air-losyash.local" name="NeuronTest" tests="3" failures="0" timestamp="6 Oct 2013 22:07:31 GMT" time="0,011" errors="0">
  <testcase name="activationTest" time="0,001" classname="NeuronTest"/>
  <testcase name="calculationTest" time="0,009" classname="NeuronTest"/>
  <testcase name="nonActivationTest" time="0,001" classname="NeuronTest"/>
</testsuite>
