<?xml version="1.0" encoding="UTF-8"?>
<!-- Generated by org.testng.reporters.JUnitReportReporter -->
<testsuite hostname="MacBook-Air-losyash.local" name="HammingNetworkTest" tests="3" failures="0" timestamp="6 Oct 2013 22:07:31 GMT" time="0,273" errors="0">
  <testcase name="recognize" time="0,269" classname="HammingNetworkTest"/>
  <testcase name="checkSize" time="0,004" classname="HammingNetworkTest"/>
  <testcase name="train" time="0,000" classname="HammingNetworkTest"/>
</testsuite>
